DEBUG:rasa_core.training.generator:Generated trackers will be deduplicated based on their unique last 3 states.
DEBUG:rasa_core.training.generator:Number of augmentation rounds is 3
DEBUG:rasa_core.training.generator:Starting data generation round 0 ... (with 1 trackers)
DEBUG:rasa_core.training.generator:Finished phase (7 training samples found).
DEBUG:rasa_core.training.generator:Data generation rounds finished.
DEBUG:rasa_core.training.generator:Found 0 unused checkpoints
DEBUG:rasa_core.training.generator:Starting augmentation round 0 ... (with 7 trackers)
DEBUG:rasa_core.training.generator:Finished phase (56 training samples found).
DEBUG:rasa_core.training.generator:Starting augmentation round 1 ... (with 20 trackers)
DEBUG:rasa_core.training.generator:Finished phase (175 training samples found).
DEBUG:rasa_core.training.generator:Starting augmentation round 2 ... (with 20 trackers)
DEBUG:rasa_core.training.generator:Finished phase (271 training samples found).
DEBUG:rasa_core.training.generator:Found 271 training trackers.
DEBUG:rasa_core.training.generator:Subsampled to 200 augmented training trackers.
DEBUG:rasa_core.training.generator:There are 7 original trackers.
DEBUG:rasa_core.agent:Agent trainer got kwargs: {}
DEBUG:rasa_core.featurizers:Creating states and action examples from collected trackers (by MaxHistoryTrackerFeaturizer(BinarySingleStateFeaturizer))...
DEBUG:rasa_core.featurizers:Created 140 action examples.
WARNING:tensorflow:From /home/bjit-554/.local/lib/python3.6/site-packages/tensorflow/python/ops/resource_variable_ops.py:435: colocate_with (from tensorflow.python.framework.ops) is deprecated and will be removed in a future version.
Instructions for updating:
Colocations handled automatically by placer.
WARNING:tensorflow:From /home/bjit-554/.local/lib/python3.6/site-packages/tensorflow/python/keras/backend.py:4010: calling dropout (from tensorflow.python.ops.nn_ops) with keep_prob is deprecated and will be removed in a future version.
Instructions for updating:
Please use `rate` instead of `keep_prob`. Rate should be set to `rate = 1 - keep_prob`.
DEBUG:rasa_core.policies.keras_policy:None
INFO:rasa_core.policies.keras_policy:Fitting model with 140 total samples and a validation split of 0.1
DEBUG:rasa_core.policies.policy:Parameters ignored by `model.fit(...)`: {}
WARNING:tensorflow:From /home/bjit-554/.local/lib/python3.6/site-packages/tensorflow/python/ops/math_ops.py:3066: to_int32 (from tensorflow.python.ops.math_ops) is deprecated and will be removed in a future version.
Instructions for updating:
Use tf.cast instead.
INFO:rasa_core.policies.keras_policy:Done fitting keras policy model
DEBUG:rasa_core.featurizers:Creating states and action examples from collected trackers (by MaxHistoryTrackerFeaturizer(SingleStateFeaturizer))...
DEBUG:rasa_core.featurizers:Created 15 action examples.
DEBUG:rasa_core.policies.memoization:Memorized 15 unique examples.
DEBUG:rasa_core.featurizers:Creating states and action examples from collected trackers (by MaxHistoryTrackerFeaturizer(SingleStateFeaturizer))...
DEBUG:rasa_core.featurizers:Created 15 action examples.
DEBUG:rasa_core.policies.memoization:Memorized 0 unique examples.
INFO:rasa_core.agent:Model directory ./models/dialogue exists and contains old model files. All files will be overwritten.
INFO:rasa_core.agent:Persisted model to '/home/bjit-554/Desktop/chagbot_demo_project/wall-e-en/chatbot-master/wall-e/models/dialogue'
INFO:rasa_nlu.components:Added 'SpacyNLP' to component cache. Key 'SpacyNLP-en'.
DEBUG:rasa_core.training.generator:Generated trackers will be deduplicated based on their unique last 3 states.
DEBUG:rasa_core.training.generator:Number of augmentation rounds is 3
DEBUG:rasa_core.training.generator:Starting data generation round 0 ... (with 1 trackers)
DEBUG:rasa_core.training.generator:Finished phase (7 training samples found).
DEBUG:rasa_core.training.generator:Data generation rounds finished.
DEBUG:rasa_core.training.generator:Found 0 unused checkpoints
DEBUG:rasa_core.training.generator:Starting augmentation round 0 ... (with 7 trackers)
DEBUG:rasa_core.training.generator:Finished phase (56 training samples found).
DEBUG:rasa_core.training.generator:Starting augmentation round 1 ... (with 20 trackers)
DEBUG:rasa_core.training.generator:Finished phase (175 training samples found).
DEBUG:rasa_core.training.generator:Starting augmentation round 2 ... (with 20 trackers)
DEBUG:rasa_core.training.generator:Finished phase (271 training samples found).
DEBUG:rasa_core.training.generator:Found 271 training trackers.
DEBUG:rasa_core.training.generator:Subsampled to 200 augmented training trackers.
DEBUG:rasa_core.training.generator:There are 7 original trackers.
DEBUG:rasa_core.agent:Agent trainer got kwargs: {}
DEBUG:rasa_core.featurizers:Creating states and action examples from collected trackers (by MaxHistoryTrackerFeaturizer(BinarySingleStateFeaturizer))...
DEBUG:rasa_core.featurizers:Created 140 action examples.
WARNING:tensorflow:From /home/bjit-554/.local/lib/python3.6/site-packages/tensorflow/python/ops/resource_variable_ops.py:435: colocate_with (from tensorflow.python.framework.ops) is deprecated and will be removed in a future version.
Instructions for updating:
Colocations handled automatically by placer.
WARNING:tensorflow:From /home/bjit-554/.local/lib/python3.6/site-packages/tensorflow/python/keras/backend.py:4010: calling dropout (from tensorflow.python.ops.nn_ops) with keep_prob is deprecated and will be removed in a future version.
Instructions for updating:
Please use `rate` instead of `keep_prob`. Rate should be set to `rate = 1 - keep_prob`.
DEBUG:rasa_core.policies.keras_policy:None
INFO:rasa_core.policies.keras_policy:Fitting model with 140 total samples and a validation split of 0.1
DEBUG:rasa_core.policies.policy:Parameters ignored by `model.fit(...)`: {}
WARNING:tensorflow:From /home/bjit-554/.local/lib/python3.6/site-packages/tensorflow/python/ops/math_ops.py:3066: to_int32 (from tensorflow.python.ops.math_ops) is deprecated and will be removed in a future version.
Instructions for updating:
Use tf.cast instead.
INFO:rasa_core.policies.keras_policy:Done fitting keras policy model
DEBUG:rasa_core.featurizers:Creating states and action examples from collected trackers (by MaxHistoryTrackerFeaturizer(SingleStateFeaturizer))...
DEBUG:rasa_core.featurizers:Created 15 action examples.
DEBUG:rasa_core.policies.memoization:Memorized 15 unique examples.
DEBUG:rasa_core.featurizers:Creating states and action examples from collected trackers (by MaxHistoryTrackerFeaturizer(SingleStateFeaturizer))...
DEBUG:rasa_core.featurizers:Created 15 action examples.
DEBUG:rasa_core.policies.memoization:Memorized 0 unique examples.
INFO:rasa_core.agent:Model directory ./models/dialogue exists and contains old model files. All files will be overwritten.
INFO:rasa_core.agent:Persisted model to '/home/bjit-554/Desktop/chagbot_demo_project/wall-e-en/chatbot-master/wall-e/models/dialogue'
INFO:rasa_nlu.components:Added 'SpacyNLP' to component cache. Key 'SpacyNLP-en'.
DEBUG:rasa_core.tracker_store:Creating a new tracker for id 'default'.
DEBUG:rasa_core.processor:Received user message 'hi' with intent '{'name': 'greet', 'confidence': 0.7488946629771251}' and entities '[]'
DEBUG:rasa_core.processor:Logged UserUtterance - tracker now has 2 events
DEBUG:rasa_core.processor:Current slot values: 
	category: None
DEBUG:rasa_core.policies.memoization:Current tracker state [None, {}, {'prev_action_listen': 1.0, 'intent_greet': 1.0}]
DEBUG:rasa_core.policies.memoization:There is a memorised next action '9'
DEBUG:rasa_core.policies.form_policy:There is no active form
DEBUG:rasa_core.policies.ensemble:Predicted next action using policy_1_MemoizationPolicy
DEBUG:rasa_core.processor:Predicted next action 'utter_greet' with prob 1.00.
DEBUG:rasa_core.processor:Action 'utter_greet' ended with events '[]'
DEBUG:rasa_core.processor:Bot utterance 'BotUttered(text: Hey, how are you?, data: {
  "elements": null,
  "buttons": null,
  "attachment": null
})'
DEBUG:rasa_core.policies.memoization:Current tracker state [{}, {'prev_action_listen': 1.0, 'intent_greet': 1.0}, {'intent_greet': 1.0, 'prev_utter_greet': 1.0}]
DEBUG:rasa_core.policies.memoization:There is a memorised next action '0'
DEBUG:rasa_core.policies.form_policy:There is no active form
DEBUG:rasa_core.policies.ensemble:Predicted next action using policy_1_MemoizationPolicy
DEBUG:rasa_core.processor:Predicted next action 'action_listen' with prob 1.00.
DEBUG:rasa_core.processor:Action 'action_listen' ended with events '[]'
DEBUG:rasa_core.tracker_store:Recreating tracker for id 'default'
DEBUG:rasa_core.processor:Received user message 'i want to know about sports' with intent '{'name': 'news', 'confidence': 0.35334900189486346}' and entities '[{'start': 21, 'end': 27, 'value': 'sports', 'entity': 'category', 'confidence': 0.7901728173096879, 'extractor': 'CRFEntityExtractor'}]'
DEBUG:rasa_core.processor:Logged UserUtterance - tracker now has 7 events
DEBUG:rasa_core.processor:Current slot values: 
	category: sports
DEBUG:rasa_core.policies.memoization:Current tracker state [{'prev_action_listen': 1.0, 'intent_greet': 1.0}, {'intent_greet': 1.0, 'prev_utter_greet': 1.0}, {'prev_action_listen': 1.0, 'intent_news': 1.0, 'entity_category': 1.0, 'slot_category_0': 1.0}]
DEBUG:rasa_core.policies.memoization:There is no memorised next action
DEBUG:rasa_core.policies.form_policy:There is no active form
DEBUG:rasa_core.policies.ensemble:Predicted next action using policy_0_KerasPolicy
DEBUG:rasa_core.processor:Predicted next action 'utter_ofc' with prob 0.46.
DEBUG:rasa_core.processor:Action 'utter_ofc' ended with events '[]'
DEBUG:rasa_core.processor:Bot utterance 'BotUttered(text: Surely, I can help you. The top 5 news of the sports, data: {
  "elements": null,
  "buttons": null,
  "attachment": null
})'
DEBUG:rasa_core.policies.memoization:Current tracker state [{'intent_greet': 1.0, 'prev_utter_greet': 1.0}, {'prev_action_listen': 1.0, 'intent_news': 1.0, 'entity_category': 1.0, 'slot_category_0': 1.0}, {'intent_news': 1.0, 'entity_category': 1.0, 'slot_category_0': 1.0, 'prev_utter_ofc': 1.0}]
DEBUG:rasa_core.policies.memoization:There is no memorised next action
DEBUG:rasa_core.policies.form_policy:There is no active form
DEBUG:rasa_core.policies.ensemble:Predicted next action using policy_0_KerasPolicy
DEBUG:rasa_core.processor:Predicted next action 'action_get_news' with prob 0.82.
DEBUG:rasa_core.actions.action:Calling action endpoint to run action 'action_get_news'.
ERROR:rasa_core.actions.action:Failed to run custom action 'action_get_news'. Action server responded with a non 200 status code of 500. Make sure your action server properly runs actions and returns a 200 once the action is executed. Error: 500 Server Error: INTERNAL SERVER ERROR for url: http://localhost:5055/webhook
ERROR:rasa_core.processor:Encountered an exception while running action 'action_get_news'. Bot will continue, but the actions events are lost. Make sure to fix the exception in your custom code.
DEBUG:rasa_core.processor:Failed to execute custom action.
Traceback (most recent call last):
  File "/home/bjit-554/anaconda3/envs/test1/lib/python3.6/site-packages/rasa_core/actions/action.py", line 358, in run
    response.raise_for_status()
  File "/home/bjit-554/.local/lib/python3.6/site-packages/requests/models.py", line 940, in raise_for_status
    raise HTTPError(http_error_msg, response=self)
requests.exceptions.HTTPError: 500 Server Error: INTERNAL SERVER ERROR for url: http://localhost:5055/webhook

During handling of the above exception, another exception occurred:

Traceback (most recent call last):
  File "/home/bjit-554/anaconda3/envs/test1/lib/python3.6/site-packages/rasa_core/processor.py", line 345, in _run_action
    events = action.run(dispatcher, tracker, self.domain)
  File "/home/bjit-554/anaconda3/envs/test1/lib/python3.6/site-packages/rasa_core/actions/action.py", line 378, in run
    raise Exception("Failed to execute custom action.")
Exception: Failed to execute custom action.
DEBUG:rasa_core.processor:Action 'action_get_news' ended with events '[]'
DEBUG:rasa_core.policies.memoization:Current tracker state [{'prev_action_listen': 1.0, 'intent_news': 1.0, 'entity_category': 1.0, 'slot_category_0': 1.0}, {'intent_news': 1.0, 'entity_category': 1.0, 'slot_category_0': 1.0, 'prev_utter_ofc': 1.0}, {'prev_action_get_news': 1.0, 'intent_news': 1.0, 'entity_category': 1.0, 'slot_category_0': 1.0}]
DEBUG:rasa_core.policies.memoization:There is no memorised next action
DEBUG:rasa_core.policies.form_policy:There is no active form
DEBUG:rasa_core.policies.ensemble:Predicted next action using policy_0_KerasPolicy
DEBUG:rasa_core.processor:Predicted next action 'action_listen' with prob 0.69.
DEBUG:rasa_core.processor:Action 'action_listen' ended with events '[]'
